<?xml version="1.0" encoding="UTF-8"?>
<!-- Generated by org.testng.reporters.JUnitReportReporter -->
<testsuite hostname="DESKTOP-HT38EU9" name="com.ajioweb.pagetest.LogoPageTest" tests="2" failures="0" timestamp="22 Jun 2020 21:11:14 GMT" time="88.409" errors="0">
  <testcase name="verify_logo_availability" time="43.664" classname="com.ajioweb.pagetest.LogoPageTest"/>
  <testcase name="verify_logo_functionality" time="44.745" classname="com.ajioweb.pagetest.LogoPageTest"/>
</testsuite> <!-- com.ajioweb.pagetest.LogoPageTest -->
