<?xml version="1.0" encoding="UTF-8"?>
<!-- Generated by org.testng.reporters.JUnitReportReporter -->
<testsuite hostname="DESKTOP-HT38EU9" name="com.ajioweb.pagetest.HomepagePageTest" tests="13" failures="1" timestamp="22 Jun 2020 20:12:52 GMT" time="322.958" errors="0">
  <testcase name="verify_signIn_JoinAjio_Link_is_visible" time="18.155" classname="com.ajioweb.pagetest.HomepagePageTest"/>
  <testcase name="verify_ShopMen_Link_is_visible" time="28.434" classname="com.ajioweb.pagetest.HomepagePageTest"/>
  <testcase name="verify_Homepage_Title" time="25.382" classname="com.ajioweb.pagetest.HomepagePageTest"/>
  <testcase name="verify_ShopKids_Link_is_visible" time="29.180" classname="com.ajioweb.pagetest.HomepagePageTest"/>
  <testcase name="verify_Customercare_Link_is_Redirecting_to_customerCarePage" time="22.123" classname="com.ajioweb.pagetest.HomepagePageTest">
    <failure type="java.lang.AssertionError" message="Customer care  Page title not matched!! expected [AJIO0] but found [AJIO]">
      <![CDATA[java.lang.AssertionError: Customer care  Page title not matched!! expected [AJIO0] but found [AJIO]
	at org.testng.Assert.fail(Assert.java:94)
	at org.testng.Assert.failNotEquals(Assert.java:513)
	at org.testng.Assert.assertEqualsImpl(Assert.java:135)
	at org.testng.Assert.assertEquals(Assert.java:116)
	at org.testng.Assert.assertEquals(Assert.java:190)
	at com.ajioweb.pagetest.HomepagePageTest.verify_Customercare_Link_is_Redirecting_to_customerCarePage(HomepagePageTest.java:168)
	at sun.reflect.NativeMethodAccessorImpl.invoke0(Native Method)
	at sun.reflect.NativeMethodAccessorImpl.invoke(Unknown Source)
	at sun.reflect.DelegatingMethodAccessorImpl.invoke(Unknown Source)
	at java.lang.reflect.Method.invoke(Unknown Source)
	at org.testng.internal.MethodInvocationHelper.invokeMethod(MethodInvocationHelper.java:86)
	at org.testng.internal.Invoker.invokeMethod(Invoker.java:646)
	at org.testng.internal.Invoker.invokeTestMethod(Invoker.java:823)
	at org.testng.internal.Invoker.invokeTestMethods(Invoker.java:1131)
	at org.testng.internal.TestMethodWorker.invokeTestMethods(TestMethodWorker.java:129)
	at org.testng.internal.TestMethodWorker.run(TestMethodWorker.java:112)
	at org.testng.TestRunner.privateRun(TestRunner.java:778)
	at org.testng.TestRunner.run(TestRunner.java:632)
	at org.testng.SuiteRunner.runTest(SuiteRunner.java:366)
	at org.testng.SuiteRunner.runSequentially(SuiteRunner.java:361)
	at org.testng.SuiteRunner.privateRun(SuiteRunner.java:319)
	at org.testng.SuiteRunner.run(SuiteRunner.java:268)
	at org.testng.SuiteRunnerWorker.runSuite(SuiteRunnerWorker.java:52)
	at org.testng.SuiteRunnerWorker.run(SuiteRunnerWorker.java:86)
	at org.testng.TestNG.runSuitesSequentially(TestNG.java:1225)
	at org.testng.TestNG.runSuitesLocally(TestNG.java:1150)
	at org.testng.TestNG.runSuites(TestNG.java:1075)
	at org.testng.TestNG.run(TestNG.java:1047)
	at org.testng.remote.AbstractRemoteTestNG.run(AbstractRemoteTestNG.java:126)
	at org.testng.remote.RemoteTestNG.initAndRun(RemoteTestNG.java:137)
	at org.testng.remote.RemoteTestNG.main(RemoteTestNG.java:58)
]]>
    </failure>
  </testcase> <!-- verify_Customercare_Link_is_Redirecting_to_customerCarePage -->
  <testcase name="verify_ShopSale_Link_is_visible" time="22.702" classname="com.ajioweb.pagetest.HomepagePageTest"/>
  <testcase name="verify_ShopKids_Link_is_Redirecting_to_KidsPage" time="33.707" classname="com.ajioweb.pagetest.HomepagePageTest"/>
  <testcase name="verify_ShopSale_Link_is_Redirecting_to_SalePage" time="26.630" classname="com.ajioweb.pagetest.HomepagePageTest"/>
  <testcase name="verify_ShopWomen_Link_is_Redirecting_to_WomenPage" time="23.696" classname="com.ajioweb.pagetest.HomepagePageTest"/>
  <testcase name="verify_ShopWomen_Link_is_visible" time="21.168" classname="com.ajioweb.pagetest.HomepagePageTest"/>
  <testcase name="verify_signIn_JoinAjio_Link_is_Redirecting_to_signUpModalPopUp" time="19.707" classname="com.ajioweb.pagetest.HomepagePageTest"/>
  <testcase name="verify_ShopMen_Link_is_Redirecting_to_MenPage" time="29.112" classname="com.ajioweb.pagetest.HomepagePageTest"/>
  <testcase name="verify_CustomerCare_Link_is_visible" time="22.962" classname="com.ajioweb.pagetest.HomepagePageTest"/>
</testsuite> <!-- com.ajioweb.pagetest.HomepagePageTest -->
