<?xml version="1.0" encoding="UTF-8"?>
<!-- Generated by org.testng.reporters.JUnitReportReporter -->
<testsuite hostname="DESKTOP-HT38EU9" name="com.ajioweb.pagetest.SignOutPageTest" tests="1" failures="0" timestamp="22 Jun 2020 20:49:06 GMT" time="33.372" errors="0">
  <testcase name="verify_Successfull_SignOut" time="33.372" classname="com.ajioweb.pagetest.SignOutPageTest"/>
</testsuite> <!-- com.ajioweb.pagetest.SignOutPageTest -->
