<?xml version="1.0" encoding="UTF-8"?>
<!-- Generated by org.testng.reporters.JUnitReportReporter -->
<testsuite hostname="DESKTOP-HT38EU9" name="com.ajioweb.keyword.ExcelReading" tests="4" failures="0" timestamp="22 Jun 2020 21:30:08 GMT" time="0.025" errors="0">
  <testcase name="test" time="0.013" classname="com.ajioweb.keyword.ExcelReading"/>
  <testcase name="test" time="0.009" classname="com.ajioweb.keyword.ExcelReading"/>
  <testcase name="test" time="0.001" classname="com.ajioweb.keyword.ExcelReading"/>
  <testcase name="test" time="0.002" classname="com.ajioweb.keyword.ExcelReading"/>
</testsuite> <!-- com.ajioweb.keyword.ExcelReading -->
